# Server version 0.08 running on Pascal:8123
# Game ID: 19
# Board class: hus.HusBoard
# Timeout: 2000
# First Move Timeout: 30000
# Date: Tue Apr 12 16:37:56 EDT 2016
# Player 1: Player-0, '260585900', running on 127.0.0.1
# Player 2: Player-1, 'RandomHusPlayer', running on 127.0.0.1
START Player-0 260585900
START Player-1 RandomHusPlayer
PIT 0 11
PIT 1 2
PIT 0 15
PIT 1 9
PIT 0 3
PIT 1 11
PIT 0 9
PIT 1 25
PIT 0 4
PIT 1 13
GAMEOVER TIMEOUT WINNER 1
# Game ended: Tue Apr 12 16:38:03 EDT 2016
