# Server version 0.08 running on Pascal:8123
# Game ID: 26
# Board class: hus.HusBoard
# Timeout: 300000
# First Move Timeout: 300000
# Date: Tue Apr 12 18:50:51 EDT 2016
# Player 1: Player-0, '260585900', running on Pascal
# Player 2: Player-1, 'RandomHusPlayer', running on Pascal
START Player-0 260585900
START Player-1 RandomHusPlayer
PIT 0 4
PIT 1 19
PIT 0 20
PIT 1 9
PIT 0 8
PIT 1 22
PIT 0 14
PIT 1 3
PIT 0 7
PIT 1 15
PIT 0 22
PIT 1 24
PIT 0 17
PIT 1 2
PIT 0 19
PIT 1 6
PIT 0 2
PIT 1 12
PIT 0 1
PIT 1 9
PIT 0 20
PIT 1 25
PIT 0 9
PIT 1 26
PIT 0 26
PIT 1 8
PIT 0 22
PIT 1 15
PIT 0 6
PIT 1 28
PIT 0 28
PIT 1 16
PIT 0 15
PIT 1 17
PIT 0 31
PIT 1 18
PIT 0 16
PIT 1 19
PIT 0 22
PIT 1 20
PIT 0 9
GAMEOVER WINNER 0
# Game ended: Tue Apr 12 18:50:52 EDT 2016
