# Server version 0.08 running on Pascal:8123
# Game ID: 18
# Board class: hus.HusBoard
# Timeout: 2000
# First Move Timeout: 30000
# Date: Tue Apr 12 16:36:52 EDT 2016
# Player 1: Player-0, '260585900', running on 127.0.0.1
# Player 2: Player-1, 'RandomHusPlayer', running on 127.0.0.1
START Player-0 260585900
START Player-1 RandomHusPlayer
PIT 0 17
PIT 1 3
PIT 0 2
PIT 1 7
PIT 0 11
PIT 1 22
PIT 0 12
PIT 1 4
PIT 0 23
PIT 1 1
GAMEOVER TIMEOUT WINNER 1
# Game ended: Tue Apr 12 16:36:59 EDT 2016
